2021-08-24 03:33:54.526 INFO checkpoint - load: [Checkpointer] Loading from /base/model/faster_RCNN_R_101_FPN_35AP_reciept_90AP.pth ...
2021-08-24 03:33:54.959 INFO server - serve: Started server process [67]
2021-08-24 03:33:54.960 INFO on - startup: Waiting for application startup.
2021-08-24 03:33:54.960 INFO on - startup: Application startup complete.
2021-08-24 03:33:54.961 INFO server - _log_started_message: Uvicorn running on http://0.0.0.0:80 (Press CTRL+C to quit)
2021-08-24 03:33:56.061 INFO service - predict: predict
2021-08-24 03:34:59.089 DEBUG multipart - callback: Calling on_part_begin with no data
2021-08-24 03:34:59.089 DEBUG multipart - callback: Calling on_header_field with data[36:55]
2021-08-24 03:34:59.089 DEBUG multipart - callback: Calling on_header_value with data[57:107]
2021-08-24 03:34:59.089 DEBUG multipart - callback: Calling on_header_end with no data
2021-08-24 03:34:59.089 DEBUG multipart - callback: Calling on_headers_finished with no data
2021-08-24 03:34:59.090 DEBUG multipart - callback: Calling on_part_data with data[111:65482]
2021-08-24 03:34:59.092 DEBUG multipart - callback: Calling on_part_data with data[0:58742]
2021-08-24 03:34:59.092 DEBUG multipart - callback: Calling on_part_data with data[0:1]
2021-08-24 03:34:59.092 DEBUG multipart - callback: Calling on_part_data with data[58743:65482]
2021-08-24 03:34:59.094 DEBUG multipart - callback: Calling on_part_data with data[0:102619]
2021-08-24 03:34:59.094 DEBUG multipart - callback: Calling on_part_data with data[0:1]
2021-08-24 03:34:59.096 DEBUG multipart - callback: Calling on_part_data with data[102620:247088]
2021-08-24 03:34:59.096 DEBUG multipart - callback: Calling on_part_data with data[0:1]
2021-08-24 03:34:59.096 DEBUG multipart - callback: Calling on_part_data with data[247089:262144]
2021-08-24 03:34:59.098 DEBUG multipart - callback: Calling on_part_data with data[0:108781]
2021-08-24 03:34:59.098 DEBUG multipart - callback: Calling on_part_data with data[0:1]
2021-08-24 03:34:59.099 DEBUG multipart - callback: Calling on_part_data with data[108782:148573]
2021-08-24 03:34:59.099 DEBUG multipart - callback: Calling on_part_data with data[0:1]
2021-08-24 03:34:59.100 DEBUG multipart - callback: Calling on_part_data with data[148574:262144]
2021-08-24 03:34:59.104 DEBUG multipart - callback: Calling on_part_data with data[0:262144]
2021-08-24 03:34:59.105 DEBUG multipart - callback: Calling on_part_data with data[0:11680]
2021-08-24 03:34:59.105 DEBUG multipart - callback: Calling on_part_data with data[0:1]
2021-08-24 03:34:59.106 DEBUG multipart - callback: Calling on_part_data with data[11681:62198]
2021-08-24 03:34:59.106 DEBUG multipart - callback: Calling on_part_data with data[0:1]
2021-08-24 03:34:59.107 DEBUG multipart - callback: Calling on_part_data with data[62199:110101]
2021-08-24 03:34:59.107 DEBUG multipart - callback: Calling on_part_data with data[0:1]
2021-08-24 03:34:59.107 DEBUG multipart - callback: Calling on_part_data with data[110102:135237]
2021-08-24 03:34:59.107 DEBUG multipart - callback: Calling on_part_data with data[0:1]
2021-08-24 03:34:59.109 DEBUG multipart - callback: Calling on_part_data with data[135238:262144]
2021-08-24 03:34:59.115 DEBUG multipart - callback: Calling on_part_data with data[0:241027]
2021-08-24 03:34:59.116 DEBUG multipart - callback: Calling on_part_data with data[0:1]
2021-08-24 03:34:59.116 DEBUG multipart - callback: Calling on_part_data with data[241028:262144]
2021-08-24 03:34:59.119 DEBUG multipart - callback: Calling on_part_data with data[0:57485]
2021-08-24 03:34:59.119 DEBUG multipart - callback: Calling on_part_data with data[0:1]
2021-08-24 03:34:59.122 DEBUG multipart - callback: Calling on_part_data with data[57486:250433]
2021-08-24 03:34:59.122 DEBUG multipart - callback: Calling on_part_data with data[0:1]
2021-08-24 03:34:59.122 DEBUG multipart - callback: Calling on_part_data with data[250434:258731]
2021-08-24 03:34:59.122 DEBUG multipart - callback: Calling on_part_data with data[0:1]
2021-08-24 03:34:59.122 DEBUG multipart - callback: Calling on_part_data with data[258732:262144]
2021-08-24 03:34:59.127 DEBUG multipart - callback: Calling on_part_data with data[0:65859]
2021-08-24 03:34:59.127 DEBUG multipart - callback: Calling on_part_data with data[0:1]
2021-08-24 03:34:59.129 DEBUG multipart - callback: Calling on_part_data with data[65860:262144]
2021-08-24 03:34:59.133 DEBUG multipart - callback: Calling on_part_data with data[0:113790]
2021-08-24 03:34:59.133 DEBUG multipart - callback: Calling on_part_data with data[0:1]
2021-08-24 03:34:59.133 DEBUG multipart - callback: Calling on_part_data with data[113791:120393]
2021-08-24 03:34:59.133 DEBUG multipart - callback: Calling on_part_data with data[0:1]
2021-08-24 03:34:59.135 DEBUG multipart - callback: Calling on_part_data with data[120394:262144]
2021-08-24 03:34:59.138 DEBUG multipart - callback: Calling on_part_data with data[0:51534]
2021-08-24 03:34:59.139 DEBUG multipart - callback: Calling on_part_data with data[0:1]
2021-08-24 03:34:59.139 DEBUG multipart - callback: Calling on_part_data with data[51535:66470]
2021-08-24 03:34:59.139 DEBUG multipart - callback: Calling on_part_data with data[0:1]
2021-08-24 03:34:59.141 DEBUG multipart - callback: Calling on_part_data with data[66471:262144]
2021-08-24 03:34:59.146 DEBUG multipart - callback: Calling on_part_data with data[0:107236]
2021-08-24 03:34:59.146 DEBUG multipart - callback: Calling on_part_data with data[0:1]
2021-08-24 03:34:59.148 DEBUG multipart - callback: Calling on_part_data with data[107237:262144]
2021-08-24 03:34:59.150 DEBUG multipart - callback: Calling on_part_data with data[0:5300]
2021-08-24 03:34:59.150 DEBUG multipart - callback: Calling on_part_data with data[0:1]
2021-08-24 03:34:59.151 DEBUG multipart - callback: Calling on_part_data with data[5301:78839]
2021-08-24 03:34:59.151 DEBUG multipart - callback: Calling on_part_data with data[0:1]
2021-08-24 03:34:59.154 DEBUG multipart - callback: Calling on_part_data with data[78840:262144]
2021-08-24 03:34:59.157 DEBUG multipart - callback: Calling on_part_data with data[0:65929]
2021-08-24 03:34:59.157 DEBUG multipart - callback: Calling on_part_end with no data
2021-08-24 03:34:59.157 DEBUG multipart - callback: Calling on_end with no data
2021-08-24 03:34:59.159 INFO service - predict_binary: predict_binary
2021-08-24 03:35:11.526 DEBUG multipart - callback: Calling on_part_begin with no data
2021-08-24 03:35:11.526 DEBUG multipart - callback: Calling on_header_field with data[36:55]
2021-08-24 03:35:11.526 DEBUG multipart - callback: Calling on_header_value with data[57:110]
2021-08-24 03:35:11.527 DEBUG multipart - callback: Calling on_header_end with no data
2021-08-24 03:35:11.527 DEBUG multipart - callback: Calling on_headers_finished with no data
2021-08-24 03:35:11.529 DEBUG multipart - callback: Calling on_part_data with data[114:65482]
2021-08-24 03:35:11.532 DEBUG multipart - callback: Calling on_part_data with data[0:65482]
2021-08-24 03:35:11.538 DEBUG multipart - callback: Calling on_part_data with data[0:262144]
2021-08-24 03:35:11.542 DEBUG multipart - callback: Calling on_part_data with data[0:246001]
2021-08-24 03:35:11.542 DEBUG multipart - callback: Calling on_part_data with data[0:1]
2021-08-24 03:35:11.543 DEBUG multipart - callback: Calling on_part_data with data[246002:262144]
2021-08-24 03:35:11.545 DEBUG multipart - callback: Calling on_part_data with data[0:124680]
2021-08-24 03:35:11.545 DEBUG multipart - callback: Calling on_part_data with data[0:1]
2021-08-24 03:35:11.546 DEBUG multipart - callback: Calling on_part_data with data[124681:160565]
2021-08-24 03:35:11.546 DEBUG multipart - callback: Calling on_part_data with data[0:1]
2021-08-24 03:35:11.547 DEBUG multipart - callback: Calling on_part_data with data[160566:262144]
2021-08-24 03:35:11.550 DEBUG multipart - callback: Calling on_part_data with data[0:103330]
2021-08-24 03:35:11.550 DEBUG multipart - callback: Calling on_part_data with data[0:1]
2021-08-24 03:35:11.552 DEBUG multipart - callback: Calling on_part_data with data[103331:262144]
2021-08-24 03:35:11.561 DEBUG multipart - callback: Calling on_part_data with data[0:262144]
2021-08-24 03:35:11.564 DEBUG multipart - callback: Calling on_part_data with data[0:98460]
2021-08-24 03:35:11.564 DEBUG multipart - callback: Calling on_part_data with data[0:1]
2021-08-24 03:35:11.566 DEBUG multipart - callback: Calling on_part_data with data[98461:185350]
2021-08-24 03:35:11.566 DEBUG multipart - callback: Calling on_part_data with data[0:1]
2021-08-24 03:35:11.568 DEBUG multipart - callback: Calling on_part_data with data[185351:262144]
2021-08-24 03:35:11.574 DEBUG multipart - callback: Calling on_part_data with data[0:124658]
2021-08-24 03:35:11.574 DEBUG multipart - callback: Calling on_part_data with data[0:1]
2021-08-24 03:35:11.576 DEBUG multipart - callback: Calling on_part_data with data[124659:210677]
2021-08-24 03:35:11.576 DEBUG multipart - callback: Calling on_part_data with data[0:1]
2021-08-24 03:35:11.578 DEBUG multipart - callback: Calling on_part_data with data[210678:262138]
2021-08-24 03:35:11.578 DEBUG multipart - callback: Calling on_part_data with data[0:1]
2021-08-24 03:35:11.578 DEBUG multipart - callback: Calling on_part_data with data[262139:262144]
2021-08-24 03:35:11.587 DEBUG multipart - callback: Calling on_part_data with data[0:243936]
2021-08-24 03:35:11.587 DEBUG multipart - callback: Calling on_part_data with data[0:1]
2021-08-24 03:35:11.588 DEBUG multipart - callback: Calling on_part_data with data[243937:260884]
2021-08-24 03:35:11.588 DEBUG multipart - callback: Calling on_part_data with data[0:1]
2021-08-24 03:35:11.588 DEBUG multipart - callback: Calling on_part_data with data[260885:262144]
2021-08-24 03:35:11.597 DEBUG multipart - callback: Calling on_part_data with data[0:247405]
2021-08-24 03:35:11.597 DEBUG multipart - callback: Calling on_part_data with data[0:1]
2021-08-24 03:35:11.597 DEBUG multipart - callback: Calling on_part_data with data[247406:262144]
2021-08-24 03:35:11.601 DEBUG multipart - callback: Calling on_part_data with data[0:65846]
2021-08-24 03:35:11.601 DEBUG multipart - callback: Calling on_part_data with data[0:1]
2021-08-24 03:35:11.602 DEBUG multipart - callback: Calling on_part_data with data[65847:74507]
2021-08-24 03:35:11.602 DEBUG multipart - callback: Calling on_part_data with data[0:1]
2021-08-24 03:35:11.606 DEBUG multipart - callback: Calling on_part_data with data[74508:262144]
2021-08-24 03:35:11.611 DEBUG multipart - callback: Calling on_part_data with data[0:56935]
2021-08-24 03:35:11.611 DEBUG multipart - callback: Calling on_part_end with no data
2021-08-24 03:35:11.611 DEBUG multipart - callback: Calling on_end with no data
2021-08-24 03:35:11.613 INFO service - predict_binary: predict_binary
2021-08-24 03:35:22.112 DEBUG multipart - callback: Calling on_part_begin with no data
2021-08-24 03:35:22.113 DEBUG multipart - callback: Calling on_header_field with data[36:55]
2021-08-24 03:35:22.113 DEBUG multipart - callback: Calling on_header_value with data[57:83]
2021-08-24 03:35:22.113 DEBUG multipart - callback: Calling on_header_end with no data
2021-08-24 03:35:22.113 DEBUG multipart - callback: Calling on_headers_finished with no data
2021-08-24 03:35:22.113 DEBUG multipart - callback: Calling on_part_data with data[87:91]
2021-08-24 03:35:22.114 DEBUG multipart - callback: Calling on_part_end with no data
2021-08-24 03:35:22.114 DEBUG multipart - callback: Calling on_part_begin with no data
2021-08-24 03:35:22.114 DEBUG multipart - callback: Calling on_header_field with data[129:148]
2021-08-24 03:35:22.114 DEBUG multipart - callback: Calling on_header_value with data[150:200]
2021-08-24 03:35:22.114 DEBUG multipart - callback: Calling on_header_end with no data
2021-08-24 03:35:22.114 DEBUG multipart - callback: Calling on_headers_finished with no data
2021-08-24 03:35:22.116 DEBUG multipart - callback: Calling on_part_data with data[204:65482]
2021-08-24 03:35:22.119 DEBUG multipart - callback: Calling on_part_data with data[0:65482]
2021-08-24 03:35:22.123 DEBUG multipart - callback: Calling on_part_data with data[0:102712]
2021-08-24 03:35:22.123 DEBUG multipart - callback: Calling on_part_data with data[0:1]
2021-08-24 03:35:22.126 DEBUG multipart - callback: Calling on_part_data with data[102713:262144]
2021-08-24 03:35:22.129 DEBUG multipart - callback: Calling on_part_data with data[0:162091]
2021-08-24 03:35:22.129 DEBUG multipart - callback: Calling on_part_data with data[0:1]
2021-08-24 03:35:22.131 DEBUG multipart - callback: Calling on_part_data with data[162092:262144]
2021-08-24 03:35:22.133 DEBUG multipart - callback: Calling on_part_data with data[0:152277]
2021-08-24 03:35:22.133 DEBUG multipart - callback: Calling on_part_data with data[0:1]
2021-08-24 03:35:22.134 DEBUG multipart - callback: Calling on_part_data with data[152278:161180]
2021-08-24 03:35:22.134 DEBUG multipart - callback: Calling on_part_data with data[0:1]
2021-08-24 03:35:22.135 DEBUG multipart - callback: Calling on_part_data with data[161181:262144]
2021-08-24 03:35:22.138 DEBUG multipart - callback: Calling on_part_data with data[0:151616]
2021-08-24 03:35:22.138 DEBUG multipart - callback: Calling on_part_data with data[0:1]
2021-08-24 03:35:22.140 DEBUG multipart - callback: Calling on_part_data with data[151617:262144]
2021-08-24 03:35:22.143 DEBUG multipart - callback: Calling on_part_data with data[0:60771]
2021-08-24 03:35:22.144 DEBUG multipart - callback: Calling on_part_data with data[0:1]
2021-08-24 03:35:22.145 DEBUG multipart - callback: Calling on_part_data with data[60772:145824]
2021-08-24 03:35:22.145 DEBUG multipart - callback: Calling on_part_data with data[0:1]
2021-08-24 03:35:22.147 DEBUG multipart - callback: Calling on_part_data with data[145825:262144]
2021-08-24 03:35:22.154 DEBUG multipart - callback: Calling on_part_data with data[0:250526]
2021-08-24 03:35:22.154 DEBUG multipart - callback: Calling on_part_data with data[0:1]
2021-08-24 03:35:22.154 DEBUG multipart - callback: Calling on_part_data with data[250527:258824]
2021-08-24 03:35:22.154 DEBUG multipart - callback: Calling on_part_data with data[0:1]
2021-08-24 03:35:22.154 DEBUG multipart - callback: Calling on_part_data with data[258825:262144]
2021-08-24 03:35:22.158 DEBUG multipart - callback: Calling on_part_data with data[0:65952]
2021-08-24 03:35:22.158 DEBUG multipart - callback: Calling on_part_data with data[0:1]
2021-08-24 03:35:22.162 DEBUG multipart - callback: Calling on_part_data with data[65953:262144]
2021-08-24 03:35:22.169 DEBUG multipart - callback: Calling on_part_data with data[0:262144]
2021-08-24 03:35:22.174 DEBUG multipart - callback: Calling on_part_data with data[0:253571]
2021-08-24 03:35:22.174 DEBUG multipart - callback: Calling on_part_data with data[0:1]
2021-08-24 03:35:22.174 DEBUG multipart - callback: Calling on_part_data with data[253572:262144]
2021-08-24 03:35:22.177 DEBUG multipart - callback: Calling on_part_data with data[0:30273]
2021-08-24 03:35:22.177 DEBUG multipart - callback: Calling on_part_data with data[0:1]
2021-08-24 03:35:22.180 DEBUG multipart - callback: Calling on_part_data with data[30274:262144]
2021-08-24 03:35:22.183 DEBUG multipart - callback: Calling on_part_data with data[0:4837]
2021-08-24 03:35:22.183 DEBUG multipart - callback: Calling on_part_data with data[0:1]
2021-08-24 03:35:22.183 DEBUG multipart - callback: Calling on_part_data with data[4838:5166]
2021-08-24 03:35:22.183 DEBUG multipart - callback: Calling on_part_data with data[0:1]
2021-08-24 03:35:22.187 DEBUG multipart - callback: Calling on_part_data with data[5167:262144]
2021-08-24 03:35:22.191 DEBUG multipart - callback: Calling on_part_data with data[0:66022]
2021-08-24 03:35:22.191 DEBUG multipart - callback: Calling on_part_end with no data
2021-08-24 03:35:22.191 DEBUG multipart - callback: Calling on_end with no data
2021-08-24 03:35:22.193 INFO service - predict_multipart: predict_multipart
2021-08-24 03:39:00.141 INFO server - shutdown: Shutting down
2021-08-24 03:39:00.242 INFO on - shutdown: Waiting for application shutdown.
2021-08-24 03:39:00.243 INFO on - shutdown: Application shutdown complete.
2021-08-24 03:39:00.243 INFO server - serve: Finished server process [67]
